INFO [2024-06-19 18:48:09] $x
INFO [2024-06-19 18:48:09] list(`LB test` = genes_lb, DESeq2 = genes_2_deseq)
INFO [2024-06-19 18:48:09] 
INFO [2024-06-19 18:48:09] $filename
INFO [2024-06-19 18:48:09] NULL
INFO [2024-06-19 18:48:09] 
INFO [2024-06-19 18:48:09] $lwd
INFO [2024-06-19 18:48:09] [1] 2
INFO [2024-06-19 18:48:09] 
INFO [2024-06-19 18:48:09] $lty
INFO [2024-06-19 18:48:09] [1] "blank"
INFO [2024-06-19 18:48:09] 
INFO [2024-06-19 18:48:09] $fill
INFO [2024-06-19 18:48:09] c("red", "blue")
INFO [2024-06-19 18:48:09] 
INFO [2024-06-19 18:48:09] $alpha
INFO [2024-06-19 18:48:09] [1] 0.5
INFO [2024-06-19 18:48:09] 
INFO [2024-06-19 18:48:09] $cex
INFO [2024-06-19 18:48:09] [1] 2
INFO [2024-06-19 18:48:09] 
INFO [2024-06-19 18:48:09] $cat.cex
INFO [2024-06-19 18:48:09] [1] 2
INFO [2024-06-19 18:48:09] 
INFO [2024-06-19 18:48:09] $cat.pos
INFO [2024-06-19 18:48:09] [1] 0
INFO [2024-06-19 18:48:09] 
INFO [2024-06-19 18:48:09] $cat.dist
INFO [2024-06-19 18:48:09] [1] 0.04
INFO [2024-06-19 18:48:09] 
INFO [2024-06-19 18:48:09] $fontface
INFO [2024-06-19 18:48:09] [1] "bold"
INFO [2024-06-19 18:48:09] 
INFO [2024-06-19 18:48:09] $fontfamily
INFO [2024-06-19 18:48:09] [1] "serif"
INFO [2024-06-19 18:48:09] 
INFO [2024-06-19 18:48:09] [[13]]
INFO [2024-06-19 18:48:09] 
INFO [2024-06-19 18:48:09] 
