INFO [2024-06-19 18:41:24] $x
INFO [2024-06-19 18:41:24] list(`LB test` = genes_lb, DESeq2 = genes_deseq)
INFO [2024-06-19 18:41:24] 
INFO [2024-06-19 18:41:24] $filename
INFO [2024-06-19 18:41:24] NULL
INFO [2024-06-19 18:41:24] 
INFO [2024-06-19 18:41:24] $lwd
INFO [2024-06-19 18:41:24] [1] 2
INFO [2024-06-19 18:41:24] 
INFO [2024-06-19 18:41:24] $lty
INFO [2024-06-19 18:41:24] [1] "blank"
INFO [2024-06-19 18:41:24] 
INFO [2024-06-19 18:41:24] $fill
INFO [2024-06-19 18:41:24] c("red", "blue")
INFO [2024-06-19 18:41:24] 
INFO [2024-06-19 18:41:24] $alpha
INFO [2024-06-19 18:41:24] [1] 0.5
INFO [2024-06-19 18:41:24] 
INFO [2024-06-19 18:41:24] $cex
INFO [2024-06-19 18:41:24] [1] 2
INFO [2024-06-19 18:41:24] 
INFO [2024-06-19 18:41:24] $cat.cex
INFO [2024-06-19 18:41:24] [1] 2
INFO [2024-06-19 18:41:24] 
INFO [2024-06-19 18:41:24] $cat.pos
INFO [2024-06-19 18:41:24] [1] 0
INFO [2024-06-19 18:41:24] 
INFO [2024-06-19 18:41:24] $cat.dist
INFO [2024-06-19 18:41:24] [1] 0.02
INFO [2024-06-19 18:41:24] 
INFO [2024-06-19 18:41:24] $fontface
INFO [2024-06-19 18:41:24] [1] "bold"
INFO [2024-06-19 18:41:24] 
INFO [2024-06-19 18:41:24] $fontfamily
INFO [2024-06-19 18:41:24] [1] "serif"
INFO [2024-06-19 18:41:24] 
INFO [2024-06-19 18:41:24] [[13]]
INFO [2024-06-19 18:41:24] 
INFO [2024-06-19 18:41:24] 
