INFO [2024-06-19 18:39:26] $x
INFO [2024-06-19 18:39:26] list(`LB test` = genes_lb, DESeq2 = genes_deseq)
INFO [2024-06-19 18:39:26] 
INFO [2024-06-19 18:39:26] $filename
INFO [2024-06-19 18:39:26] NULL
INFO [2024-06-19 18:39:26] 
INFO [2024-06-19 18:39:26] $lwd
INFO [2024-06-19 18:39:26] [1] 2
INFO [2024-06-19 18:39:26] 
INFO [2024-06-19 18:39:26] $lty
INFO [2024-06-19 18:39:26] [1] "blank"
INFO [2024-06-19 18:39:26] 
INFO [2024-06-19 18:39:26] $fill
INFO [2024-06-19 18:39:26] c("red", "blue")
INFO [2024-06-19 18:39:26] 
INFO [2024-06-19 18:39:26] $alpha
INFO [2024-06-19 18:39:26] [1] 0.5
INFO [2024-06-19 18:39:26] 
INFO [2024-06-19 18:39:26] $cex
INFO [2024-06-19 18:39:26] [1] 2
INFO [2024-06-19 18:39:26] 
INFO [2024-06-19 18:39:26] $cat.cex
INFO [2024-06-19 18:39:26] [1] 2
INFO [2024-06-19 18:39:26] 
INFO [2024-06-19 18:39:26] $cat.pos
INFO [2024-06-19 18:39:26] [1] 0
INFO [2024-06-19 18:39:26] 
INFO [2024-06-19 18:39:26] $cat.dist
INFO [2024-06-19 18:39:26] [1] 0.02
INFO [2024-06-19 18:39:26] 
INFO [2024-06-19 18:39:26] $main
INFO [2024-06-19 18:39:26] list(label = "Comparison of Significant ECS Identified by LB Test and DESeq2", 
INFO [2024-06-19 18:39:26]     cex = 100, fontfamily = "serif", fontface = "bold")
INFO [2024-06-19 18:39:26] 
INFO [2024-06-19 18:39:26] $fontface
INFO [2024-06-19 18:39:26] [1] "bold"
INFO [2024-06-19 18:39:26] 
INFO [2024-06-19 18:39:26] $fontfamily
INFO [2024-06-19 18:39:26] [1] "serif"
INFO [2024-06-19 18:39:26] 
INFO [2024-06-19 18:39:26] [[14]]
INFO [2024-06-19 18:39:26] 
INFO [2024-06-19 18:39:26] 
