INFO [2024-06-19 18:36:27] $x
INFO [2024-06-19 18:36:27] list(`LB test` = genes_lb, DESeq2 = genes_deseq)
INFO [2024-06-19 18:36:27] 
INFO [2024-06-19 18:36:27] $filename
INFO [2024-06-19 18:36:27] NULL
INFO [2024-06-19 18:36:27] 
INFO [2024-06-19 18:36:27] $lwd
INFO [2024-06-19 18:36:27] [1] 2
INFO [2024-06-19 18:36:27] 
INFO [2024-06-19 18:36:27] $lty
INFO [2024-06-19 18:36:27] [1] "blank"
INFO [2024-06-19 18:36:27] 
INFO [2024-06-19 18:36:27] $fill
INFO [2024-06-19 18:36:27] c("red", "blue")
INFO [2024-06-19 18:36:27] 
INFO [2024-06-19 18:36:27] $alpha
INFO [2024-06-19 18:36:27] [1] 0.5
INFO [2024-06-19 18:36:27] 
INFO [2024-06-19 18:36:27] $cex
INFO [2024-06-19 18:36:27] [1] 2
INFO [2024-06-19 18:36:27] 
INFO [2024-06-19 18:36:27] $cat.cex
INFO [2024-06-19 18:36:27] [1] 2
INFO [2024-06-19 18:36:27] 
INFO [2024-06-19 18:36:27] $cat.pos
INFO [2024-06-19 18:36:27] [1] 0
INFO [2024-06-19 18:36:27] 
INFO [2024-06-19 18:36:27] $cat.dist
INFO [2024-06-19 18:36:27] [1] 0.05
INFO [2024-06-19 18:36:27] 
INFO [2024-06-19 18:36:27] $main
INFO [2024-06-19 18:36:27] list(label = "Comparison of Significant ECS Identified by LB Test and DESeq2", 
INFO [2024-06-19 18:36:27]     cex = 2, fontfamily = "serif", fontface = "bold")
INFO [2024-06-19 18:36:27] 
INFO [2024-06-19 18:36:27] $fontface
INFO [2024-06-19 18:36:27] [1] "bold"
INFO [2024-06-19 18:36:27] 
INFO [2024-06-19 18:36:27] $fontfamily
INFO [2024-06-19 18:36:27] [1] "serif"
INFO [2024-06-19 18:36:27] 
INFO [2024-06-19 18:36:27] [[14]]
INFO [2024-06-19 18:36:27] 
INFO [2024-06-19 18:36:27] 
