INFO [2024-06-19 18:38:22] $x
INFO [2024-06-19 18:38:22] list(`LB test` = genes_lb, DESeq2 = genes_deseq)
INFO [2024-06-19 18:38:22] 
INFO [2024-06-19 18:38:22] $filename
INFO [2024-06-19 18:38:22] NULL
INFO [2024-06-19 18:38:22] 
INFO [2024-06-19 18:38:22] $lwd
INFO [2024-06-19 18:38:22] [1] 2
INFO [2024-06-19 18:38:22] 
INFO [2024-06-19 18:38:22] $lty
INFO [2024-06-19 18:38:22] [1] "blank"
INFO [2024-06-19 18:38:22] 
INFO [2024-06-19 18:38:22] $fill
INFO [2024-06-19 18:38:22] c("red", "blue")
INFO [2024-06-19 18:38:22] 
INFO [2024-06-19 18:38:22] $alpha
INFO [2024-06-19 18:38:22] [1] 0.5
INFO [2024-06-19 18:38:22] 
INFO [2024-06-19 18:38:22] $cex
INFO [2024-06-19 18:38:22] [1] 2
INFO [2024-06-19 18:38:22] 
INFO [2024-06-19 18:38:22] $cat.cex
INFO [2024-06-19 18:38:22] [1] 2
INFO [2024-06-19 18:38:22] 
INFO [2024-06-19 18:38:22] $cat.pos
INFO [2024-06-19 18:38:22] [1] 0
INFO [2024-06-19 18:38:22] 
INFO [2024-06-19 18:38:22] $cat.dist
INFO [2024-06-19 18:38:22] [1] 0.02
INFO [2024-06-19 18:38:22] 
INFO [2024-06-19 18:38:22] $main
INFO [2024-06-19 18:38:22] list(label = "Comparison of Significant ECS Identified by LB Test and DESeq2", 
INFO [2024-06-19 18:38:22]     cex = 2, fontfamily = "serif", fontface = "bold")
INFO [2024-06-19 18:38:22] 
INFO [2024-06-19 18:38:22] $fontface
INFO [2024-06-19 18:38:22] [1] "bold"
INFO [2024-06-19 18:38:22] 
INFO [2024-06-19 18:38:22] $fontfamily
INFO [2024-06-19 18:38:22] [1] "serif"
INFO [2024-06-19 18:38:22] 
INFO [2024-06-19 18:38:22] [[14]]
INFO [2024-06-19 18:38:22] 
INFO [2024-06-19 18:38:22] 
