INFO [2024-06-19 18:24:05] $x
INFO [2024-06-19 18:24:05] list(`LB test` = genes_lb, DESeq2 = genes_deseq)
INFO [2024-06-19 18:24:05] 
INFO [2024-06-19 18:24:05] $filename
INFO [2024-06-19 18:24:05] NULL
INFO [2024-06-19 18:24:05] 
INFO [2024-06-19 18:24:05] $fill
INFO [2024-06-19 18:24:05] c("red", "blue")
INFO [2024-06-19 18:24:05] 
INFO [2024-06-19 18:24:05] $alpha
INFO [2024-06-19 18:24:05] [1] 0.5
INFO [2024-06-19 18:24:05] 
INFO [2024-06-19 18:24:05] $cex
INFO [2024-06-19 18:24:05] [1] 2
INFO [2024-06-19 18:24:05] 
INFO [2024-06-19 18:24:05] $cat.cex
INFO [2024-06-19 18:24:05] [1] 2
INFO [2024-06-19 18:24:05] 
INFO [2024-06-19 18:24:05] $cat.pos
INFO [2024-06-19 18:24:05] [1] 0
INFO [2024-06-19 18:24:05] 
INFO [2024-06-19 18:24:05] $cat.dist
INFO [2024-06-19 18:24:05] [1] 0.05
INFO [2024-06-19 18:24:05] 
INFO [2024-06-19 18:24:05] $main
INFO [2024-06-19 18:24:05] [1] "Diagrama de Venn para siggenes_ecs_lb e siggenes_ecs_deseq"
INFO [2024-06-19 18:24:05] 
