INFO [2024-06-19 18:00:31] $x
INFO [2024-06-19 18:00:31] list(siggenes_ecs_lb = genes_lb, siggenes_ecs_deseq = genes_deseq)
INFO [2024-06-19 18:00:31] 
INFO [2024-06-19 18:00:31] $filename
INFO [2024-06-19 18:00:31] NULL
INFO [2024-06-19 18:00:31] 
INFO [2024-06-19 18:00:31] $fill
INFO [2024-06-19 18:00:31] c("red", "blue")
INFO [2024-06-19 18:00:31] 
INFO [2024-06-19 18:00:31] $alpha
INFO [2024-06-19 18:00:31] [1] 0.5
INFO [2024-06-19 18:00:31] 
INFO [2024-06-19 18:00:31] $cex
INFO [2024-06-19 18:00:31] [1] 2
INFO [2024-06-19 18:00:31] 
INFO [2024-06-19 18:00:31] $cat.cex
INFO [2024-06-19 18:00:31] [1] 2
INFO [2024-06-19 18:00:31] 
INFO [2024-06-19 18:00:31] $cat.pos
INFO [2024-06-19 18:00:31] [1] 0
INFO [2024-06-19 18:00:31] 
INFO [2024-06-19 18:00:31] $cat.dist
INFO [2024-06-19 18:00:31] [1] 0.05
INFO [2024-06-19 18:00:31] 
INFO [2024-06-19 18:00:31] $main
INFO [2024-06-19 18:00:31] [1] "Diagrama de Venn para siggenes_ecs_lb e siggenes_ecs_deseq"
INFO [2024-06-19 18:00:31] 
