INFO [2024-06-19 18:33:18] $x
INFO [2024-06-19 18:33:18] list(siggenes_ecs_lb = genes_lb, siggenes_ecs_deseq = genes_deseq)
INFO [2024-06-19 18:33:18] 
INFO [2024-06-19 18:33:18] $filename
INFO [2024-06-19 18:33:18] NULL
INFO [2024-06-19 18:33:18] 
INFO [2024-06-19 18:33:18] $fill
INFO [2024-06-19 18:33:18] c("lightblue", "lightgreen")
INFO [2024-06-19 18:33:18] 
INFO [2024-06-19 18:33:18] $alpha
INFO [2024-06-19 18:33:18] [1] 0.5
INFO [2024-06-19 18:33:18] 
INFO [2024-06-19 18:33:18] $cex
INFO [2024-06-19 18:33:18] [1] 2
INFO [2024-06-19 18:33:18] 
INFO [2024-06-19 18:33:18] $cat.cex
INFO [2024-06-19 18:33:18] [1] 2
INFO [2024-06-19 18:33:18] 
INFO [2024-06-19 18:33:18] $cat.pos
INFO [2024-06-19 18:33:18] [1] 0
INFO [2024-06-19 18:33:18] 
INFO [2024-06-19 18:33:18] $cat.dist
INFO [2024-06-19 18:33:18] [1] 0.05
INFO [2024-06-19 18:33:18] 
INFO [2024-06-19 18:33:18] $main
INFO [2024-06-19 18:33:18] [1] "Diagrama de Venn para siggenes_ecs_lb e siggenes_ecs_deseq"
INFO [2024-06-19 18:33:18] 
INFO [2024-06-19 18:33:18] $fontfamily
INFO [2024-06-19 18:33:18] [1] "serif"
INFO [2024-06-19 18:33:18] 
INFO [2024-06-19 18:33:18] $border
INFO [2024-06-19 18:33:18] [1] "dark"
INFO [2024-06-19 18:33:18] 
