INFO [2024-06-19 18:30:58] $x
INFO [2024-06-19 18:30:58] list(`LB test` = genes_lb, DESeq2 = genes_deseq)
INFO [2024-06-19 18:30:58] 
INFO [2024-06-19 18:30:58] $category.names
INFO [2024-06-19 18:30:58] c("LB test", "DESeq2")
INFO [2024-06-19 18:30:58] 
INFO [2024-06-19 18:30:58] $filename
INFO [2024-06-19 18:30:58] NULL
INFO [2024-06-19 18:30:58] 
INFO [2024-06-19 18:30:58] $lwd
INFO [2024-06-19 18:30:58] [1] 2
INFO [2024-06-19 18:30:58] 
INFO [2024-06-19 18:30:58] $lty
INFO [2024-06-19 18:30:58] [1] "blank"
INFO [2024-06-19 18:30:58] 
INFO [2024-06-19 18:30:58] $fill
INFO [2024-06-19 18:30:58] myCol
INFO [2024-06-19 18:30:58] 
INFO [2024-06-19 18:30:58] $alpha
INFO [2024-06-19 18:30:58] [1] 0.5
INFO [2024-06-19 18:30:58] 
INFO [2024-06-19 18:30:58] $cex
INFO [2024-06-19 18:30:58] [1] 2
INFO [2024-06-19 18:30:58] 
INFO [2024-06-19 18:30:58] $cat.cex
INFO [2024-06-19 18:30:58] [1] 2
INFO [2024-06-19 18:30:58] 
INFO [2024-06-19 18:30:58] $cat.pos
INFO [2024-06-19 18:30:58] [1] 0
INFO [2024-06-19 18:30:58] 
INFO [2024-06-19 18:30:58] $cat.dist
INFO [2024-06-19 18:30:58] [1] 0.05
INFO [2024-06-19 18:30:58] 
INFO [2024-06-19 18:30:58] $main
INFO [2024-06-19 18:30:58] [1] "Comparison of Significant ECS Identified by LB Test and DESeq2"
INFO [2024-06-19 18:30:58] 
INFO [2024-06-19 18:30:58] $fontface
INFO [2024-06-19 18:30:58] [1] "bold"
INFO [2024-06-19 18:30:58] 
INFO [2024-06-19 18:30:58] $fontfamily
INFO [2024-06-19 18:30:58] [1] "sans"
INFO [2024-06-19 18:30:58] 
ERROR [2024-06-19 18:30:58] Unexpected parameter length for "fill"
