INFO [2024-06-19 18:32:12] $x
INFO [2024-06-19 18:32:12] list(siggenes_ecs_lb = genes_lb, siggenes_ecs_deseq = genes_deseq)
INFO [2024-06-19 18:32:12] 
INFO [2024-06-19 18:32:12] $filename
INFO [2024-06-19 18:32:12] NULL
INFO [2024-06-19 18:32:12] 
INFO [2024-06-19 18:32:12] $fill
INFO [2024-06-19 18:32:12] c("lightblue", "lightgreen")
INFO [2024-06-19 18:32:12] 
INFO [2024-06-19 18:32:12] $alpha
INFO [2024-06-19 18:32:12] [1] 0.5
INFO [2024-06-19 18:32:12] 
INFO [2024-06-19 18:32:12] $cex
INFO [2024-06-19 18:32:12] [1] 2
INFO [2024-06-19 18:32:12] 
INFO [2024-06-19 18:32:12] $cat.cex
INFO [2024-06-19 18:32:12] [1] 2
INFO [2024-06-19 18:32:12] 
INFO [2024-06-19 18:32:12] $cat.pos
INFO [2024-06-19 18:32:12] [1] 0
INFO [2024-06-19 18:32:12] 
INFO [2024-06-19 18:32:12] $cat.dist
INFO [2024-06-19 18:32:12] [1] 0.05
INFO [2024-06-19 18:32:12] 
INFO [2024-06-19 18:32:12] $main
INFO [2024-06-19 18:32:12] [1] "Diagrama de Venn para siggenes_ecs_lb e siggenes_ecs_deseq"
INFO [2024-06-19 18:32:12] 
INFO [2024-06-19 18:32:12] $fontfamily
INFO [2024-06-19 18:32:12] [1] "serif"
INFO [2024-06-19 18:32:12] 
