INFO [2024-06-19 18:40:05] $x
INFO [2024-06-19 18:40:05] list(`LB test` = genes_lb, DESeq2 = genes_deseq)
INFO [2024-06-19 18:40:05] 
INFO [2024-06-19 18:40:05] $filename
INFO [2024-06-19 18:40:05] NULL
INFO [2024-06-19 18:40:05] 
INFO [2024-06-19 18:40:05] $lwd
INFO [2024-06-19 18:40:05] [1] 2
INFO [2024-06-19 18:40:05] 
INFO [2024-06-19 18:40:05] $lty
INFO [2024-06-19 18:40:05] [1] "blank"
INFO [2024-06-19 18:40:05] 
INFO [2024-06-19 18:40:05] $fill
INFO [2024-06-19 18:40:05] c("red", "blue")
INFO [2024-06-19 18:40:05] 
INFO [2024-06-19 18:40:05] $alpha
INFO [2024-06-19 18:40:05] [1] 0.5
INFO [2024-06-19 18:40:05] 
INFO [2024-06-19 18:40:05] $cex
INFO [2024-06-19 18:40:05] [1] 2
INFO [2024-06-19 18:40:05] 
INFO [2024-06-19 18:40:05] $cat.cex
INFO [2024-06-19 18:40:05] [1] 2
INFO [2024-06-19 18:40:05] 
INFO [2024-06-19 18:40:05] $cat.pos
INFO [2024-06-19 18:40:05] [1] 0
INFO [2024-06-19 18:40:05] 
INFO [2024-06-19 18:40:05] $cat.dist
INFO [2024-06-19 18:40:05] [1] 0.02
INFO [2024-06-19 18:40:05] 
INFO [2024-06-19 18:40:05] $main
INFO [2024-06-19 18:40:05] list(label = "Comparison of Significant ECS Identified by LB Test and DESeq2", 
INFO [2024-06-19 18:40:05]     cex = 100, fontfamily = "serif", fontface = "bold")
INFO [2024-06-19 18:40:05] 
INFO [2024-06-19 18:40:05] $title_fontsize
INFO [2024-06-19 18:40:05] [1] 24
INFO [2024-06-19 18:40:05] 
INFO [2024-06-19 18:40:05] $fontface
INFO [2024-06-19 18:40:05] [1] "bold"
INFO [2024-06-19 18:40:05] 
INFO [2024-06-19 18:40:05] $fontfamily
INFO [2024-06-19 18:40:05] [1] "serif"
INFO [2024-06-19 18:40:05] 
INFO [2024-06-19 18:40:05] [[15]]
INFO [2024-06-19 18:40:05] 
INFO [2024-06-19 18:40:05] 
