INFO [2024-06-19 18:41:50] $x
INFO [2024-06-19 18:41:50] list(`LB test` = genes_lb, DESeq2 = genes_deseq)
INFO [2024-06-19 18:41:50] 
INFO [2024-06-19 18:41:50] $filename
INFO [2024-06-19 18:41:50] NULL
INFO [2024-06-19 18:41:50] 
INFO [2024-06-19 18:41:50] $lwd
INFO [2024-06-19 18:41:50] [1] 2
INFO [2024-06-19 18:41:50] 
INFO [2024-06-19 18:41:50] $lty
INFO [2024-06-19 18:41:50] [1] "blank"
INFO [2024-06-19 18:41:50] 
INFO [2024-06-19 18:41:50] $fill
INFO [2024-06-19 18:41:50] c("red", "blue")
INFO [2024-06-19 18:41:50] 
INFO [2024-06-19 18:41:50] $alpha
INFO [2024-06-19 18:41:50] [1] 0.5
INFO [2024-06-19 18:41:50] 
INFO [2024-06-19 18:41:50] $cex
INFO [2024-06-19 18:41:50] [1] 2
INFO [2024-06-19 18:41:50] 
INFO [2024-06-19 18:41:50] $cat.cex
INFO [2024-06-19 18:41:50] [1] 2
INFO [2024-06-19 18:41:50] 
INFO [2024-06-19 18:41:50] $cat.pos
INFO [2024-06-19 18:41:50] [1] 0
INFO [2024-06-19 18:41:50] 
INFO [2024-06-19 18:41:50] $cat.dist
INFO [2024-06-19 18:41:50] [1] 0.5
INFO [2024-06-19 18:41:50] 
INFO [2024-06-19 18:41:50] $fontface
INFO [2024-06-19 18:41:50] [1] "bold"
INFO [2024-06-19 18:41:50] 
INFO [2024-06-19 18:41:50] $fontfamily
INFO [2024-06-19 18:41:50] [1] "serif"
INFO [2024-06-19 18:41:50] 
INFO [2024-06-19 18:41:50] [[13]]
INFO [2024-06-19 18:41:50] 
INFO [2024-06-19 18:41:50] 
