INFO [2024-06-19 18:47:51] $x
INFO [2024-06-19 18:47:51] list(`LB test` = genes_lb, DESeq2 = genes_2_deseq)
INFO [2024-06-19 18:47:51] 
INFO [2024-06-19 18:47:51] $filename
INFO [2024-06-19 18:47:51] NULL
INFO [2024-06-19 18:47:51] 
INFO [2024-06-19 18:47:51] $lwd
INFO [2024-06-19 18:47:51] [1] 2
INFO [2024-06-19 18:47:51] 
INFO [2024-06-19 18:47:51] $lty
INFO [2024-06-19 18:47:51] [1] "blank"
INFO [2024-06-19 18:47:51] 
INFO [2024-06-19 18:47:51] $fill
INFO [2024-06-19 18:47:51] c("red", "blue")
INFO [2024-06-19 18:47:51] 
INFO [2024-06-19 18:47:51] $alpha
INFO [2024-06-19 18:47:51] [1] 0.5
INFO [2024-06-19 18:47:51] 
INFO [2024-06-19 18:47:51] $cex
INFO [2024-06-19 18:47:51] [1] 2
INFO [2024-06-19 18:47:51] 
INFO [2024-06-19 18:47:51] $cat.cex
INFO [2024-06-19 18:47:51] [1] 2
INFO [2024-06-19 18:47:51] 
INFO [2024-06-19 18:47:51] $cat.pos
INFO [2024-06-19 18:47:51] [1] 0
INFO [2024-06-19 18:47:51] 
INFO [2024-06-19 18:47:51] $cat.dist
INFO [2024-06-19 18:47:51] [1] 0.02
INFO [2024-06-19 18:47:51] 
INFO [2024-06-19 18:47:51] $fontface
INFO [2024-06-19 18:47:51] [1] "bold"
INFO [2024-06-19 18:47:51] 
INFO [2024-06-19 18:47:51] $fontfamily
INFO [2024-06-19 18:47:51] [1] "serif"
INFO [2024-06-19 18:47:51] 
INFO [2024-06-19 18:47:51] [[13]]
INFO [2024-06-19 18:47:51] 
INFO [2024-06-19 18:47:51] 
