INFO [2024-06-19 18:29:43] $x
INFO [2024-06-19 18:29:43] list(`LB test` = genes_lb, DESeq2 = genes_deseq)
INFO [2024-06-19 18:29:43] 
INFO [2024-06-19 18:29:43] $filename
INFO [2024-06-19 18:29:43] NULL
INFO [2024-06-19 18:29:43] 
INFO [2024-06-19 18:29:43] $lwd
INFO [2024-06-19 18:29:43] [1] 2
INFO [2024-06-19 18:29:43] 
INFO [2024-06-19 18:29:43] $lty
INFO [2024-06-19 18:29:43] [1] "blank"
INFO [2024-06-19 18:29:43] 
INFO [2024-06-19 18:29:43] $fill
INFO [2024-06-19 18:29:43] myCol
INFO [2024-06-19 18:29:43] 
INFO [2024-06-19 18:29:43] $alpha
INFO [2024-06-19 18:29:43] [1] 0.5
INFO [2024-06-19 18:29:43] 
INFO [2024-06-19 18:29:43] $cex
INFO [2024-06-19 18:29:43] [1] 2
INFO [2024-06-19 18:29:43] 
INFO [2024-06-19 18:29:43] $cat.cex
INFO [2024-06-19 18:29:43] [1] 2
INFO [2024-06-19 18:29:43] 
INFO [2024-06-19 18:29:43] $cat.pos
INFO [2024-06-19 18:29:43] [1] 0
INFO [2024-06-19 18:29:43] 
INFO [2024-06-19 18:29:43] $cat.dist
INFO [2024-06-19 18:29:43] [1] 0.05
INFO [2024-06-19 18:29:43] 
INFO [2024-06-19 18:29:43] $main
INFO [2024-06-19 18:29:43] [1] "Comparison of Significant ECS Identified by LB Test and DESeq2"
INFO [2024-06-19 18:29:43] 
INFO [2024-06-19 18:29:43] $fontface
INFO [2024-06-19 18:29:43] [1] "bold"
INFO [2024-06-19 18:29:43] 
INFO [2024-06-19 18:29:43] $fontfamily
INFO [2024-06-19 18:29:43] [1] "sans"
INFO [2024-06-19 18:29:43] 
INFO [2024-06-19 18:29:43] [[14]]
INFO [2024-06-19 18:29:43] 
INFO [2024-06-19 18:29:43] 
ERROR [2024-06-19 18:29:43] Unexpected parameter length for "fill"
