INFO [2024-06-19 18:39:16] $x
INFO [2024-06-19 18:39:16] list(`LB test` = genes_lb, DESeq2 = genes_deseq)
INFO [2024-06-19 18:39:16] 
INFO [2024-06-19 18:39:16] $filename
INFO [2024-06-19 18:39:16] NULL
INFO [2024-06-19 18:39:16] 
INFO [2024-06-19 18:39:16] $lwd
INFO [2024-06-19 18:39:16] [1] 2
INFO [2024-06-19 18:39:16] 
INFO [2024-06-19 18:39:16] $lty
INFO [2024-06-19 18:39:16] [1] "blank"
INFO [2024-06-19 18:39:16] 
INFO [2024-06-19 18:39:16] $fill
INFO [2024-06-19 18:39:16] c("red", "blue")
INFO [2024-06-19 18:39:16] 
INFO [2024-06-19 18:39:16] $alpha
INFO [2024-06-19 18:39:16] [1] 0.5
INFO [2024-06-19 18:39:16] 
INFO [2024-06-19 18:39:16] $cex
INFO [2024-06-19 18:39:16] [1] 2
INFO [2024-06-19 18:39:16] 
INFO [2024-06-19 18:39:16] $cat.cex
INFO [2024-06-19 18:39:16] [1] 2
INFO [2024-06-19 18:39:16] 
INFO [2024-06-19 18:39:16] $cat.pos
INFO [2024-06-19 18:39:16] [1] 0
INFO [2024-06-19 18:39:16] 
INFO [2024-06-19 18:39:16] $cat.dist
INFO [2024-06-19 18:39:16] [1] 0.02
INFO [2024-06-19 18:39:16] 
INFO [2024-06-19 18:39:16] $main
INFO [2024-06-19 18:39:16] list(label = "Comparison of Significant ECS Identified by LB Test and DESeq2", 
INFO [2024-06-19 18:39:16]     cex = 11, fontfamily = "serif", fontface = "bold")
INFO [2024-06-19 18:39:16] 
INFO [2024-06-19 18:39:16] $fontface
INFO [2024-06-19 18:39:16] [1] "bold"
INFO [2024-06-19 18:39:16] 
INFO [2024-06-19 18:39:16] $fontfamily
INFO [2024-06-19 18:39:16] [1] "serif"
INFO [2024-06-19 18:39:16] 
INFO [2024-06-19 18:39:16] [[14]]
INFO [2024-06-19 18:39:16] 
INFO [2024-06-19 18:39:16] 
