INFO [2024-06-19 18:41:37] $x
INFO [2024-06-19 18:41:37] list(`LB test` = genes_lb, DESeq2 = genes_deseq)
INFO [2024-06-19 18:41:37] 
INFO [2024-06-19 18:41:37] $filename
INFO [2024-06-19 18:41:37] NULL
INFO [2024-06-19 18:41:37] 
INFO [2024-06-19 18:41:37] $lwd
INFO [2024-06-19 18:41:37] [1] 2
INFO [2024-06-19 18:41:37] 
INFO [2024-06-19 18:41:37] $lty
INFO [2024-06-19 18:41:37] [1] "blank"
INFO [2024-06-19 18:41:37] 
INFO [2024-06-19 18:41:37] $fill
INFO [2024-06-19 18:41:37] c("red", "blue")
INFO [2024-06-19 18:41:37] 
INFO [2024-06-19 18:41:37] $alpha
INFO [2024-06-19 18:41:37] [1] 0.5
INFO [2024-06-19 18:41:37] 
INFO [2024-06-19 18:41:37] $cex
INFO [2024-06-19 18:41:37] [1] 2
INFO [2024-06-19 18:41:37] 
INFO [2024-06-19 18:41:37] $cat.cex
INFO [2024-06-19 18:41:37] [1] 2
INFO [2024-06-19 18:41:37] 
INFO [2024-06-19 18:41:37] $cat.pos
INFO [2024-06-19 18:41:37] [1] 0
INFO [2024-06-19 18:41:37] 
INFO [2024-06-19 18:41:37] $cat.dist
INFO [2024-06-19 18:41:37] [1] 0.1
INFO [2024-06-19 18:41:37] 
INFO [2024-06-19 18:41:37] $fontface
INFO [2024-06-19 18:41:37] [1] "bold"
INFO [2024-06-19 18:41:37] 
INFO [2024-06-19 18:41:37] $fontfamily
INFO [2024-06-19 18:41:37] [1] "serif"
INFO [2024-06-19 18:41:37] 
INFO [2024-06-19 18:41:37] [[13]]
INFO [2024-06-19 18:41:37] 
INFO [2024-06-19 18:41:37] 
