INFO [2024-06-19 18:27:48] $x
INFO [2024-06-19 18:27:48] list(`LB test` = genes_lb, DESeq2 = genes_deseq)
INFO [2024-06-19 18:27:48] 
INFO [2024-06-19 18:27:48] $filename
INFO [2024-06-19 18:27:48] NULL
INFO [2024-06-19 18:27:48] 
INFO [2024-06-19 18:27:48] $fill
INFO [2024-06-19 18:27:48] c("red", "blue")
INFO [2024-06-19 18:27:48] 
INFO [2024-06-19 18:27:48] $alpha
INFO [2024-06-19 18:27:48] [1] 0.5
INFO [2024-06-19 18:27:48] 
INFO [2024-06-19 18:27:48] $cex
INFO [2024-06-19 18:27:48] [1] 2
INFO [2024-06-19 18:27:48] 
INFO [2024-06-19 18:27:48] $cat.cex
INFO [2024-06-19 18:27:48] [1] 2
INFO [2024-06-19 18:27:48] 
INFO [2024-06-19 18:27:48] $cat.pos
INFO [2024-06-19 18:27:48] [1] 0
INFO [2024-06-19 18:27:48] 
INFO [2024-06-19 18:27:48] $cat.dist
INFO [2024-06-19 18:27:48] [1] 0.05
INFO [2024-06-19 18:27:48] 
INFO [2024-06-19 18:27:48] $main
INFO [2024-06-19 18:27:48] [1] "Comparison of Significant ECS Identified by LB Test and DESeq2"
INFO [2024-06-19 18:27:48] 
