INFO [2024-06-19 18:35:30] $x
INFO [2024-06-19 18:35:30] list(`LB test` = genes_lb, DESeq2 = genes_deseq)
INFO [2024-06-19 18:35:30] 
INFO [2024-06-19 18:35:30] $filename
INFO [2024-06-19 18:35:30] NULL
INFO [2024-06-19 18:35:30] 
INFO [2024-06-19 18:35:30] $lwd
INFO [2024-06-19 18:35:30] [1] 2
INFO [2024-06-19 18:35:30] 
INFO [2024-06-19 18:35:30] $lty
INFO [2024-06-19 18:35:30] [1] "blank"
INFO [2024-06-19 18:35:30] 
INFO [2024-06-19 18:35:30] $fill
INFO [2024-06-19 18:35:30] myCol
INFO [2024-06-19 18:35:30] 
INFO [2024-06-19 18:35:30] $alpha
INFO [2024-06-19 18:35:30] [1] 0.5
INFO [2024-06-19 18:35:30] 
INFO [2024-06-19 18:35:30] $cex
INFO [2024-06-19 18:35:30] [1] 2
INFO [2024-06-19 18:35:30] 
INFO [2024-06-19 18:35:30] $cat.cex
INFO [2024-06-19 18:35:30] [1] 2
INFO [2024-06-19 18:35:30] 
INFO [2024-06-19 18:35:30] $cat.pos
INFO [2024-06-19 18:35:30] [1] 0
INFO [2024-06-19 18:35:30] 
INFO [2024-06-19 18:35:30] $cat.dist
INFO [2024-06-19 18:35:30] [1] 0.05
INFO [2024-06-19 18:35:30] 
INFO [2024-06-19 18:35:30] $main
INFO [2024-06-19 18:35:30] list(label = "Comparison of Significant ECS Identified by LB Test and DESeq2", 
INFO [2024-06-19 18:35:30]     cex = 2, fontfamily = "serif", fontface = "bold")
INFO [2024-06-19 18:35:30] 
INFO [2024-06-19 18:35:30] $fontface
INFO [2024-06-19 18:35:30] [1] "bold"
INFO [2024-06-19 18:35:30] 
INFO [2024-06-19 18:35:30] $fontfamily
INFO [2024-06-19 18:35:30] [1] "serif"
INFO [2024-06-19 18:35:30] 
INFO [2024-06-19 18:35:30] [[14]]
INFO [2024-06-19 18:35:30] 
INFO [2024-06-19 18:35:30] 
ERROR [2024-06-19 18:35:30] Unexpected parameter length for "fill"
