INFO [2024-06-19 18:36:59] $x
INFO [2024-06-19 18:36:59] list(`LB test` = genes_lb, DESeq2 = genes_deseq)
INFO [2024-06-19 18:36:59] 
INFO [2024-06-19 18:36:59] $filename
INFO [2024-06-19 18:36:59] NULL
INFO [2024-06-19 18:36:59] 
INFO [2024-06-19 18:36:59] $lwd
INFO [2024-06-19 18:36:59] [1] 2
INFO [2024-06-19 18:36:59] 
INFO [2024-06-19 18:36:59] $lty
INFO [2024-06-19 18:36:59] [1] "blank"
INFO [2024-06-19 18:36:59] 
INFO [2024-06-19 18:36:59] $fill
INFO [2024-06-19 18:36:59] c("red", "blue")
INFO [2024-06-19 18:36:59] 
INFO [2024-06-19 18:36:59] $alpha
INFO [2024-06-19 18:36:59] [1] 0.5
INFO [2024-06-19 18:36:59] 
INFO [2024-06-19 18:36:59] $cex
INFO [2024-06-19 18:36:59] [1] 2
INFO [2024-06-19 18:36:59] 
INFO [2024-06-19 18:36:59] $cat.cex
INFO [2024-06-19 18:36:59] [1] 2
INFO [2024-06-19 18:36:59] 
INFO [2024-06-19 18:36:59] $cat.pos
INFO [2024-06-19 18:36:59] [1] 0
INFO [2024-06-19 18:36:59] 
INFO [2024-06-19 18:36:59] $cat.dist
INFO [2024-06-19 18:36:59] [1] 0.05
INFO [2024-06-19 18:36:59] 
INFO [2024-06-19 18:36:59] $main
INFO [2024-06-19 18:36:59] list(label = "Comparison of Significant ECS Identified by LB Test and DESeq2", 
INFO [2024-06-19 18:36:59]     cex = 2, fontfamily = "serif", fontface = "bold")
INFO [2024-06-19 18:36:59] 
INFO [2024-06-19 18:36:59] $fontface
INFO [2024-06-19 18:36:59] [1] "bold"
INFO [2024-06-19 18:36:59] 
INFO [2024-06-19 18:36:59] $fontfamily
INFO [2024-06-19 18:36:59] [1] "serif"
INFO [2024-06-19 18:36:59] 
INFO [2024-06-19 18:36:59] [[14]]
INFO [2024-06-19 18:36:59] 
INFO [2024-06-19 18:36:59] 
