INFO [2024-06-19 18:47:41] $x
INFO [2024-06-19 18:47:41] list(`LB test` = genes_lb, DESeq2 = genes_2_deseq)
INFO [2024-06-19 18:47:41] 
INFO [2024-06-19 18:47:41] $filename
INFO [2024-06-19 18:47:41] NULL
INFO [2024-06-19 18:47:41] 
INFO [2024-06-19 18:47:41] $lwd
INFO [2024-06-19 18:47:41] [1] 2
INFO [2024-06-19 18:47:41] 
INFO [2024-06-19 18:47:41] $lty
INFO [2024-06-19 18:47:41] [1] "blank"
INFO [2024-06-19 18:47:41] 
INFO [2024-06-19 18:47:41] $fill
INFO [2024-06-19 18:47:41] c("red", "blue")
INFO [2024-06-19 18:47:41] 
INFO [2024-06-19 18:47:41] $alpha
INFO [2024-06-19 18:47:41] [1] 0.5
INFO [2024-06-19 18:47:41] 
INFO [2024-06-19 18:47:41] $cex
INFO [2024-06-19 18:47:41] [1] 2
INFO [2024-06-19 18:47:41] 
INFO [2024-06-19 18:47:41] $cat.cex
INFO [2024-06-19 18:47:41] [1] 2
INFO [2024-06-19 18:47:41] 
INFO [2024-06-19 18:47:41] $cat.pos
INFO [2024-06-19 18:47:41] [1] 0
INFO [2024-06-19 18:47:41] 
INFO [2024-06-19 18:47:41] $cat.dist
INFO [2024-06-19 18:47:41] [1] 0.02
INFO [2024-06-19 18:47:41] 
INFO [2024-06-19 18:47:41] $fontface
INFO [2024-06-19 18:47:41] [1] "bold"
INFO [2024-06-19 18:47:41] 
INFO [2024-06-19 18:47:41] $fontfamily
INFO [2024-06-19 18:47:41] [1] "serif"
INFO [2024-06-19 18:47:41] 
INFO [2024-06-19 18:47:41] [[13]]
INFO [2024-06-19 18:47:41] 
INFO [2024-06-19 18:47:41] 
