INFO [2024-06-19 18:29:20] $x
INFO [2024-06-19 18:29:20] list(`LB test` = genes_lb, DESeq2 = genes_deseq)
INFO [2024-06-19 18:29:20] 
INFO [2024-06-19 18:29:20] $filename
INFO [2024-06-19 18:29:20] NULL
INFO [2024-06-19 18:29:20] 
INFO [2024-06-19 18:29:20] $lwd
INFO [2024-06-19 18:29:20] [1] 2
INFO [2024-06-19 18:29:20] 
INFO [2024-06-19 18:29:20] $lty
INFO [2024-06-19 18:29:20] [1] "blank"
INFO [2024-06-19 18:29:20] 
INFO [2024-06-19 18:29:20] $fill
INFO [2024-06-19 18:29:20] myCol
INFO [2024-06-19 18:29:20] 
INFO [2024-06-19 18:29:20] $alpha
INFO [2024-06-19 18:29:20] [1] 0.5
INFO [2024-06-19 18:29:20] 
INFO [2024-06-19 18:29:20] $cex
INFO [2024-06-19 18:29:20] [1] 2
INFO [2024-06-19 18:29:20] 
INFO [2024-06-19 18:29:20] $cat.cex
INFO [2024-06-19 18:29:20] [1] 2
INFO [2024-06-19 18:29:20] 
INFO [2024-06-19 18:29:20] $cat.pos
INFO [2024-06-19 18:29:20] [1] 0
INFO [2024-06-19 18:29:20] 
INFO [2024-06-19 18:29:20] $cat.dist
INFO [2024-06-19 18:29:20] [1] 0.05
INFO [2024-06-19 18:29:20] 
INFO [2024-06-19 18:29:20] $main
INFO [2024-06-19 18:29:20] [1] "Comparison of Significant ECS Identified by LB Test and DESeq2"
INFO [2024-06-19 18:29:20] 
INFO [2024-06-19 18:29:20] $fontface
INFO [2024-06-19 18:29:20] [1] "bold"
INFO [2024-06-19 18:29:20] 
INFO [2024-06-19 18:29:20] $fontfamily
INFO [2024-06-19 18:29:20] [1] "sans"
INFO [2024-06-19 18:29:20] 
INFO [2024-06-19 18:29:20] [[14]]
INFO [2024-06-19 18:29:20] 
INFO [2024-06-19 18:29:20] 
ERROR [2024-06-19 18:29:20] Unexpected parameter length for "fill"
