INFO [2024-06-19 18:24:24] $x
INFO [2024-06-19 18:24:24] list(`LB test` = genes_lb, DESeq2 = genes_deseq)
INFO [2024-06-19 18:24:24] 
INFO [2024-06-19 18:24:24] $filename
INFO [2024-06-19 18:24:24] NULL
INFO [2024-06-19 18:24:24] 
INFO [2024-06-19 18:24:24] $fill
INFO [2024-06-19 18:24:24] c("red", "blue")
INFO [2024-06-19 18:24:24] 
INFO [2024-06-19 18:24:24] $alpha
INFO [2024-06-19 18:24:24] [1] 0.5
INFO [2024-06-19 18:24:24] 
INFO [2024-06-19 18:24:24] $cex
INFO [2024-06-19 18:24:24] [1] 2
INFO [2024-06-19 18:24:24] 
INFO [2024-06-19 18:24:24] $cat.cex
INFO [2024-06-19 18:24:24] [1] 2
INFO [2024-06-19 18:24:24] 
INFO [2024-06-19 18:24:24] $cat.pos
INFO [2024-06-19 18:24:24] [1] 0
INFO [2024-06-19 18:24:24] 
INFO [2024-06-19 18:24:24] $cat.dist
INFO [2024-06-19 18:24:24] [1] 0.05
INFO [2024-06-19 18:24:24] 
INFO [2024-06-19 18:24:24] $main
INFO [2024-06-19 18:24:24] [1] "Diagrama de Venn para siggenes_ecs_lb e siggenes_ecs_deseq"
INFO [2024-06-19 18:24:24] 
