INFO [2024-06-19 18:25:40] $x
INFO [2024-06-19 18:25:40] list(`LB test` = genes_lb, DESeq2 = genes_deseq)
INFO [2024-06-19 18:25:40] 
INFO [2024-06-19 18:25:40] $filename
INFO [2024-06-19 18:25:40] NULL
INFO [2024-06-19 18:25:40] 
INFO [2024-06-19 18:25:40] $fill
INFO [2024-06-19 18:25:40] c("red", "blue")
INFO [2024-06-19 18:25:40] 
INFO [2024-06-19 18:25:40] $alpha
INFO [2024-06-19 18:25:40] [1] 0.5
INFO [2024-06-19 18:25:40] 
INFO [2024-06-19 18:25:40] $cex
INFO [2024-06-19 18:25:40] [1] 2
INFO [2024-06-19 18:25:40] 
INFO [2024-06-19 18:25:40] $cat.cex
INFO [2024-06-19 18:25:40] [1] 2
INFO [2024-06-19 18:25:40] 
INFO [2024-06-19 18:25:40] $cat.pos
INFO [2024-06-19 18:25:40] [1] 0
INFO [2024-06-19 18:25:40] 
INFO [2024-06-19 18:25:40] $cat.dist
INFO [2024-06-19 18:25:40] [1] 0.05
INFO [2024-06-19 18:25:40] 
INFO [2024-06-19 18:25:40] $main
INFO [2024-06-19 18:25:40] [1] "Comparison of Significant ECS Identified by LB Test and DESeq2"
INFO [2024-06-19 18:25:40] 
