INFO [2024-06-19 18:38:08] $x
INFO [2024-06-19 18:38:08] list(`LB test` = genes_lb, DESeq2 = genes_deseq)
INFO [2024-06-19 18:38:08] 
INFO [2024-06-19 18:38:08] $filename
INFO [2024-06-19 18:38:08] NULL
INFO [2024-06-19 18:38:08] 
INFO [2024-06-19 18:38:08] $lwd
INFO [2024-06-19 18:38:08] [1] 2
INFO [2024-06-19 18:38:08] 
INFO [2024-06-19 18:38:08] $lty
INFO [2024-06-19 18:38:08] [1] "blank"
INFO [2024-06-19 18:38:08] 
INFO [2024-06-19 18:38:08] $fill
INFO [2024-06-19 18:38:08] c("red", "blue")
INFO [2024-06-19 18:38:08] 
INFO [2024-06-19 18:38:08] $alpha
INFO [2024-06-19 18:38:08] [1] 0.5
INFO [2024-06-19 18:38:08] 
INFO [2024-06-19 18:38:08] $cex
INFO [2024-06-19 18:38:08] [1] 2
INFO [2024-06-19 18:38:08] 
INFO [2024-06-19 18:38:08] $cat.cex
INFO [2024-06-19 18:38:08] [1] 2
INFO [2024-06-19 18:38:08] 
INFO [2024-06-19 18:38:08] $cat.pos
INFO [2024-06-19 18:38:08] [1] 0
INFO [2024-06-19 18:38:08] 
INFO [2024-06-19 18:38:08] $cat.dist
INFO [2024-06-19 18:38:08] [1] 0.1
INFO [2024-06-19 18:38:08] 
INFO [2024-06-19 18:38:08] $main
INFO [2024-06-19 18:38:08] list(label = "Comparison of Significant ECS Identified by LB Test and DESeq2", 
INFO [2024-06-19 18:38:08]     cex = 2, fontfamily = "serif", fontface = "bold")
INFO [2024-06-19 18:38:08] 
INFO [2024-06-19 18:38:08] $fontface
INFO [2024-06-19 18:38:08] [1] "bold"
INFO [2024-06-19 18:38:08] 
INFO [2024-06-19 18:38:08] $fontfamily
INFO [2024-06-19 18:38:08] [1] "serif"
INFO [2024-06-19 18:38:08] 
INFO [2024-06-19 18:38:08] [[14]]
INFO [2024-06-19 18:38:08] 
INFO [2024-06-19 18:38:08] 
