INFO [2024-06-19 18:42:04] $x
INFO [2024-06-19 18:42:04] list(`LB test` = genes_lb, DESeq2 = genes_deseq)
INFO [2024-06-19 18:42:04] 
INFO [2024-06-19 18:42:04] $filename
INFO [2024-06-19 18:42:04] NULL
INFO [2024-06-19 18:42:04] 
INFO [2024-06-19 18:42:04] $lwd
INFO [2024-06-19 18:42:04] [1] 2
INFO [2024-06-19 18:42:04] 
INFO [2024-06-19 18:42:04] $lty
INFO [2024-06-19 18:42:04] [1] "blank"
INFO [2024-06-19 18:42:04] 
INFO [2024-06-19 18:42:04] $fill
INFO [2024-06-19 18:42:04] c("red", "blue")
INFO [2024-06-19 18:42:04] 
INFO [2024-06-19 18:42:04] $alpha
INFO [2024-06-19 18:42:04] [1] 0.5
INFO [2024-06-19 18:42:04] 
INFO [2024-06-19 18:42:04] $cex
INFO [2024-06-19 18:42:04] [1] 2
INFO [2024-06-19 18:42:04] 
INFO [2024-06-19 18:42:04] $cat.cex
INFO [2024-06-19 18:42:04] [1] 2
INFO [2024-06-19 18:42:04] 
INFO [2024-06-19 18:42:04] $cat.pos
INFO [2024-06-19 18:42:04] [1] 0
INFO [2024-06-19 18:42:04] 
INFO [2024-06-19 18:42:04] $cat.dist
INFO [2024-06-19 18:42:04] [1] 0.02
INFO [2024-06-19 18:42:04] 
INFO [2024-06-19 18:42:04] $fontface
INFO [2024-06-19 18:42:04] [1] "bold"
INFO [2024-06-19 18:42:04] 
INFO [2024-06-19 18:42:04] $fontfamily
INFO [2024-06-19 18:42:04] [1] "serif"
INFO [2024-06-19 18:42:04] 
INFO [2024-06-19 18:42:04] [[13]]
INFO [2024-06-19 18:42:04] 
INFO [2024-06-19 18:42:04] 
